<?xml version="1.0" encoding="UTF-8"?>
<!-- Generated by org.testng.reporters.JUnitReportReporter -->
<testsuite skipped="0" hostname="Saurabhs-MacBook-Pro.local" name="com.org.ResponseStatusValidation.AllPutResponseStatusValidation" tests="1" failures="0" timestamp="22 Aug 2018 13:16:37 GMT" time="1.088" errors="0">
  <testcase name="putPostsValidation" time="1.088" classname="com.org.ResponseStatusValidation.AllPutResponseStatusValidation"/>
</testsuite> <!-- com.org.ResponseStatusValidation.AllPutResponseStatusValidation -->
