<?xml version="1.0" encoding="UTF-8"?>
<!-- Generated by org.testng.reporters.JUnitReportReporter -->
<testsuite skipped="0" hostname="Saurabhs-MacBook-Pro.local" name="com.org.ResponseTimeValidation.ResponseTimeValidationForGetRequets" tests="6" failures="0" timestamp="18 Aug 2018 23:42:39 GMT" time="1.171" errors="0">
  <testcase name="getResponseTimeValidationForPostsWithSpecificID" time="0.027" classname="com.org.ResponseTimeValidation.ResponseTimeValidationForGetRequets"/>
  <testcase name="getResponseTimeValidationForPosts" time="0.023" classname="com.org.ResponseTimeValidation.ResponseTimeValidationForGetRequets"/>
  <testcase name="getCommentsResponseTimeValidation" time="1.003" classname="com.org.ResponseTimeValidation.ResponseTimeValidationForGetRequets"/>
  <testcase name="getDetailsValidation" time="0.033" classname="com.org.ResponseTimeValidation.ResponseTimeValidationForGetRequets"/>
  <testcase name="getProfileValidation" time="0.027" classname="com.org.ResponseTimeValidation.ResponseTimeValidationForGetRequets"/>
  <testcase name="getCommentsResponseTimeValidationForSpecificID" time="0.058" classname="com.org.ResponseTimeValidation.ResponseTimeValidationForGetRequets"/>
</testsuite> <!-- com.org.ResponseTimeValidation.ResponseTimeValidationForGetRequets -->
