<?xml version="1.0" encoding="UTF-8"?>
<!-- Generated by org.testng.reporters.JUnitReportReporter -->
<testsuite skipped="0" hostname="Saurabhs-MacBook-Pro.local" name="com.org.FileDownload.GetRequestTestForDownLoadZip" tests="1" failures="0" timestamp="11 Aug 2019 01:49:28 GMT" time="8.267" errors="0">
  <testcase name="verifyFileDownload" time="8.267" classname="com.org.FileDownload.GetRequestTestForDownLoadZip"/>
</testsuite> <!-- com.org.FileDownload.GetRequestTestForDownLoadZip -->
