<?xml version="1.0" encoding="UTF-8"?>
<!-- Generated by org.testng.reporters.JUnitReportReporter -->
<testsuite skipped="0" hostname="Saurabhs-MacBook-Pro.local" name="com.org.ResponseTimeValidation.ResponseTimeValidationForPostRequets" tests="1" failures="0" timestamp="19 Aug 2018 00:13:51 GMT" time="1.318" errors="0">
  <testcase name="postCommentsValidation" time="1.318" classname="com.org.ResponseTimeValidation.ResponseTimeValidationForPostRequets"/>
</testsuite> <!-- com.org.ResponseTimeValidation.ResponseTimeValidationForPostRequets -->
