<?xml version="1.0" encoding="UTF-8"?>
<!-- Generated by org.testng.reporters.JUnitReportReporter -->
<testsuite skipped="0" hostname="Saurabhs-MacBook-Pro.local" name="com.org.GetResponseStatusValidation.AllGetResponseStatusValidation" tests="1" failures="0" timestamp="17 Aug 2018 01:19:24 GMT" time="0.869" errors="0">
  <testcase name="getPostsValidation" time="0.869" classname="com.org.GetResponseStatusValidation.AllGetResponseStatusValidation"/>
</testsuite> <!-- com.org.GetResponseStatusValidation.AllGetResponseStatusValidation -->
