<?xml version="1.0" encoding="UTF-8"?>
<!-- Generated by org.testng.reporters.JUnitReportReporter -->
<testsuite skipped="0" hostname="Saurabhs-MacBook-Pro.local" name="com.org.FileDownload.DownloadAFileExampleTest" tests="1" failures="0" timestamp="11 Aug 2019 16:46:44 GMT" time="6.476" errors="0">
  <testcase name="canDownloadFilesWithRestAssured" time="6.476" classname="com.org.FileDownload.DownloadAFileExampleTest"/>
</testsuite> <!-- com.org.FileDownload.DownloadAFileExampleTest -->
