<?xml version="1.0" encoding="UTF-8"?>
<!-- Generated by org.testng.reporters.JUnitReportReporter -->
<testsuite skipped="0" hostname="Saurabhs-MacBook-Pro.local" name="com.org.ResponseStatusValidation.AllPostResponseStatusValidation" tests="1" failures="0" timestamp="19 Aug 2018 01:29:41 GMT" time="1.159" errors="0">
  <testcase name="postPostsValidation" time="1.159" classname="com.org.ResponseStatusValidation.AllPostResponseStatusValidation"/>
</testsuite> <!-- com.org.ResponseStatusValidation.AllPostResponseStatusValidation -->
