<?xml version="1.0" encoding="UTF-8"?>
<!-- Generated by org.testng.reporters.JUnitReportReporter -->
<testsuite skipped="0" hostname="Saurabhs-MacBook-Pro.local" name="com.org.ResponseStatusValidation.AllGetResponseStatusValidation" tests="3" failures="0" timestamp="21 Aug 2019 01:04:33 GMT" time="1.153" errors="0">
  <testcase name="getCommentsValidationForSpecificID" time="1.041" classname="com.org.ResponseStatusValidation.AllGetResponseStatusValidation"/>
  <testcase name="getPostsValidation" time="0.063" classname="com.org.ResponseStatusValidation.AllGetResponseStatusValidation"/>
  <testcase name="getPostsValidationForSpecificID" time="0.049" classname="com.org.ResponseStatusValidation.AllGetResponseStatusValidation"/>
</testsuite> <!-- com.org.ResponseStatusValidation.AllGetResponseStatusValidation -->
