<?xml version="1.0" encoding="UTF-8"?>
<!-- Generated by org.testng.reporters.JUnitReportReporter -->
<testsuite skipped="0" hostname="Saurabhs-MacBook-Pro.local" name="com.org.ResponseTimeValidation.ResponseTimeValidationForDeleteRequets" tests="1" failures="0" timestamp="19 Aug 2018 01:28:59 GMT" time="1.003" errors="0">
  <testcase name="deleteASpecificPostValidation" time="1.003" classname="com.org.ResponseTimeValidation.ResponseTimeValidationForDeleteRequets"/>
</testsuite> <!-- com.org.ResponseTimeValidation.ResponseTimeValidationForDeleteRequets -->
