<?xml version="1.0" encoding="UTF-8"?>
<!-- Generated by org.testng.reporters.JUnitReportReporter -->
<testsuite skipped="0" hostname="Saurabhs-MacBook-Pro.local" name="com.org.EndToEndFlowValidations.EndToEndPostsFlow" tests="4" failures="0" timestamp="23 Aug 2018 04:27:07 GMT" time="1.603" errors="0">
  <testcase name="createAPost" time="1.455" classname="com.org.EndToEndFlowValidations.EndToEndPostsFlow"/>
  <testcase name="putPostsValidation" time="0.066" classname="com.org.EndToEndFlowValidations.EndToEndPostsFlow"/>
  <testcase name="deleteASpecificPostValidation" time="0.042" classname="com.org.EndToEndFlowValidations.EndToEndPostsFlow"/>
  <testcase name="getPostsValidation" time="0.040" classname="com.org.EndToEndFlowValidations.EndToEndPostsFlow"/>
</testsuite> <!-- com.org.EndToEndFlowValidations.EndToEndPostsFlow -->
