<?xml version="1.0" encoding="UTF-8"?>
<!-- Generated by org.testng.reporters.JUnitReportReporter -->
<testsuite skipped="0" hostname="Saurabhs-MacBook-Pro.local" name="com.org.ResponseHeaderAndCookiesValidation.CookiesValidations" tests="1" failures="0" timestamp="11 Aug 2019 19:33:53 GMT" time="1.066" errors="0">
  <testcase name="whenUseCookie_thenOK" time="1.066" classname="com.org.ResponseHeaderAndCookiesValidation.CookiesValidations"/>
</testsuite> <!-- com.org.ResponseHeaderAndCookiesValidation.CookiesValidations -->
