<?xml version="1.0" encoding="UTF-8"?>
<!-- Generated by org.testng.reporters.JUnitReportReporter -->
<testsuite skipped="0" hostname="Saurabhs-MacBook-Pro.local" name="com.org.SchemaValidations.SchemaValidationForGetResponse" tests="1" failures="0" timestamp="20 Aug 2019 20:24:30 GMT" time="1.854" errors="0">
  <testcase name="givenUrl_whenJsonResponseConformsToSchema_thenCorrect" time="1.854" classname="com.org.SchemaValidations.SchemaValidationForGetResponse"/>
</testsuite> <!-- com.org.SchemaValidations.SchemaValidationForGetResponse -->
