<?xml version="1.0" encoding="UTF-8"?>
<!-- Generated by org.testng.reporters.JUnitReportReporter -->
<testsuite skipped="0" hostname="Saurabhs-MacBook-Pro.local" name="com.org.ResponseTimeValidation.ResponseTimeValidation" tests="6" failures="0" timestamp="18 Aug 2018 23:19:05 GMT" time="1.454" errors="0">
  <testcase name="getResponseTimeValidationForPostsWithSpecificID" time="0.029" classname="com.org.ResponseTimeValidation.ResponseTimeValidation"/>
  <testcase name="getResponseTimeValidationForPosts" time="0.038" classname="com.org.ResponseTimeValidation.ResponseTimeValidation"/>
  <testcase name="getCommentsResponseTimeValidation" time="1.215" classname="com.org.ResponseTimeValidation.ResponseTimeValidation"/>
  <testcase name="getDetailsValidation" time="0.037" classname="com.org.ResponseTimeValidation.ResponseTimeValidation"/>
  <testcase name="getProfileValidation" time="0.046" classname="com.org.ResponseTimeValidation.ResponseTimeValidation"/>
  <testcase name="getCommentsResponseTimeValidationForSpecificID" time="0.089" classname="com.org.ResponseTimeValidation.ResponseTimeValidation"/>
</testsuite> <!-- com.org.ResponseTimeValidation.ResponseTimeValidation -->
