<?xml version="1.0" encoding="UTF-8"?>
<!-- Generated by org.testng.reporters.JUnitReportReporter -->
<testsuite skipped="0" hostname="Saurabhs-MacBook-Pro.local" name="com.org.ResponseHeaderAndCookiesValidation.HeaderValidations" tests="5" failures="0" timestamp="18 Aug 2018 00:39:26 GMT" time="0.932" errors="0">
  <testcase name="headersValidationForGetPost" time="0.025" classname="com.org.ResponseHeaderAndCookiesValidation.HeaderValidations"/>
  <testcase name="headersValidationForGetComments" time="0.153" classname="com.org.ResponseHeaderAndCookiesValidation.HeaderValidations"/>
  <testcase name="headersValidationForGetDetails" time="0.024" classname="com.org.ResponseHeaderAndCookiesValidation.HeaderValidations"/>
  <testcase name="headersValidationForGetProfile" time="0.017" classname="com.org.ResponseHeaderAndCookiesValidation.HeaderValidations"/>
  <testcase name="headerValidationForGetPost" time="0.713" classname="com.org.ResponseHeaderAndCookiesValidation.HeaderValidations"/>
</testsuite> <!-- com.org.ResponseHeaderAndCookiesValidation.HeaderValidations -->
